<?xml version="1.0" encoding="UTF-8"?>
<testsuite xmlns:xsi="http://www.w3.org/2001/XMLSchema-instance" xsi:noNamespaceSchemaLocation="https://maven.apache.org/surefire/maven-surefire-plugin/xsd/surefire-test-report.xsd" name="GenericLinkedListTest" time="0.074" tests="13" errors="7" skipped="0" failures="5">
  <properties>
    <property name="sun.desktop" value="windows"/>
    <property name="awt.toolkit" value="sun.awt.windows.WToolkit"/>
    <property name="java.specification.version" value="11"/>
    <property name="sun.cpu.isalist" value="amd64"/>
    <property name="sun.jnu.encoding" value="Cp1252"/>
    <property name="java.class.path" value="D:\cs 342\GLLMaven_Project1_Fall2020\target\test-classes;D:\cs 342\GLLMaven_Project1_Fall2020\target\classes;C:\Users\mxacc\.m2\repository\org\junit\jupiter\junit-jupiter\5.6.2\junit-jupiter-5.6.2.jar;C:\Users\mxacc\.m2\repository\org\junit\jupiter\junit-jupiter-api\5.6.2\junit-jupiter-api-5.6.2.jar;C:\Users\mxacc\.m2\repository\org\apiguardian\apiguardian-api\1.1.0\apiguardian-api-1.1.0.jar;C:\Users\mxacc\.m2\repository\org\opentest4j\opentest4j\1.2.0\opentest4j-1.2.0.jar;C:\Users\mxacc\.m2\repository\org\junit\platform\junit-platform-commons\1.6.2\junit-platform-commons-1.6.2.jar;C:\Users\mxacc\.m2\repository\org\junit\jupiter\junit-jupiter-params\5.6.2\junit-jupiter-params-5.6.2.jar;C:\Users\mxacc\.m2\repository\org\junit\jupiter\junit-jupiter-engine\5.6.2\junit-jupiter-engine-5.6.2.jar;C:\Users\mxacc\.m2\repository\org\junit\platform\junit-platform-engine\1.6.2\junit-platform-engine-1.6.2.jar;"/>
    <property name="java.vm.vendor" value="Oracle Corporation"/>
    <property name="sun.arch.data.model" value="64"/>
    <property name="user.variant" value=""/>
    <property name="java.vendor.url" value="https://openjdk.java.net/"/>
    <property name="user.timezone" value="America/Chicago"/>
    <property name="java.vm.specification.version" value="11"/>
    <property name="os.name" value="Windows 10"/>
    <property name="sun.java.launcher" value="SUN_STANDARD"/>
    <property name="user.country" value="US"/>
    <property name="sun.boot.library.path" value="C:\Program Files\Java\jdk-11.0.8\bin"/>
    <property name="sun.java.command" value="C:\Users\mxacc\AppData\Local\Temp\surefire15603488335801006560\surefirebooter9947542434152272511.jar C:\Users\mxacc\AppData\Local\Temp\surefire15603488335801006560 2020-09-27T20-08-44_225-jvmRun1 surefire4940522566576585098tmp surefire_01948752357368031919tmp"/>
    <property name="jdk.debug" value="release"/>
    <property name="surefire.test.class.path" value="D:\cs 342\GLLMaven_Project1_Fall2020\target\test-classes;D:\cs 342\GLLMaven_Project1_Fall2020\target\classes;C:\Users\mxacc\.m2\repository\org\junit\jupiter\junit-jupiter\5.6.2\junit-jupiter-5.6.2.jar;C:\Users\mxacc\.m2\repository\org\junit\jupiter\junit-jupiter-api\5.6.2\junit-jupiter-api-5.6.2.jar;C:\Users\mxacc\.m2\repository\org\apiguardian\apiguardian-api\1.1.0\apiguardian-api-1.1.0.jar;C:\Users\mxacc\.m2\repository\org\opentest4j\opentest4j\1.2.0\opentest4j-1.2.0.jar;C:\Users\mxacc\.m2\repository\org\junit\platform\junit-platform-commons\1.6.2\junit-platform-commons-1.6.2.jar;C:\Users\mxacc\.m2\repository\org\junit\jupiter\junit-jupiter-params\5.6.2\junit-jupiter-params-5.6.2.jar;C:\Users\mxacc\.m2\repository\org\junit\jupiter\junit-jupiter-engine\5.6.2\junit-jupiter-engine-5.6.2.jar;C:\Users\mxacc\.m2\repository\org\junit\platform\junit-platform-engine\1.6.2\junit-platform-engine-1.6.2.jar;"/>
    <property name="sun.cpu.endian" value="little"/>
    <property name="user.home" value="C:\Users\mxacc"/>
    <property name="user.language" value="en"/>
    <property name="java.specification.vendor" value="Oracle Corporation"/>
    <property name="java.version.date" value="2020-07-14"/>
    <property name="java.home" value="C:\Program Files\Java\jdk-11.0.8"/>
    <property name="file.separator" value="\"/>
    <property name="basedir" value="D:\cs 342\GLLMaven_Project1_Fall2020"/>
    <property name="java.vm.compressedOopsMode" value="32-bit"/>
    <property name="line.separator" value="&#10;"/>
    <property name="java.specification.name" value="Java Platform API Specification"/>
    <property name="java.vm.specification.vendor" value="Oracle Corporation"/>
    <property name="java.awt.graphicsenv" value="sun.awt.Win32GraphicsEnvironment"/>
    <property name="surefire.real.class.path" value="C:\Users\mxacc\AppData\Local\Temp\surefire15603488335801006560\surefirebooter9947542434152272511.jar"/>
    <property name="user.script" value=""/>
    <property name="sun.management.compiler" value="HotSpot 64-Bit Tiered Compilers"/>
    <property name="java.runtime.version" value="11.0.8+10-LTS"/>
    <property name="user.name" value="mxacc"/>
    <property name="path.separator" value=";"/>
    <property name="os.version" value="10.0"/>
    <property name="java.runtime.name" value="Java(TM) SE Runtime Environment"/>
    <property name="file.encoding" value="Cp1252"/>
    <property name="java.vm.name" value="Java HotSpot(TM) 64-Bit Server VM"/>
    <property name="java.vendor.version" value="18.9"/>
    <property name="localRepository" value="C:\Users\mxacc\.m2\repository"/>
    <property name="java.vendor.url.bug" value="https://bugreport.java.com/bugreport/"/>
    <property name="java.io.tmpdir" value="C:\Users\mxacc\AppData\Local\Temp\"/>
    <property name="java.version" value="11.0.8"/>
    <property name="user.dir" value="D:\cs 342\GLLMaven_Project1_Fall2020"/>
    <property name="os.arch" value="amd64"/>
    <property name="java.vm.specification.name" value="Java Virtual Machine Specification"/>
    <property name="java.awt.printerjob" value="sun.awt.windows.WPrinterJob"/>
    <property name="sun.os.patch.level" value=""/>
    <property name="java.library.path" value="C:\Program Files\Java\jdk-11.0.8\bin;C:\WINDOWS\Sun\Java\bin;C:\WINDOWS\system32;C:\WINDOWS;C:\Program Files\Common Files\Oracle\Java\javapath;C:\Program Files\VanDyke Software\SecureFX\;C:\WINDOWS\system32;C:\WINDOWS;C:\WINDOWS\System32\Wbem;C:\WINDOWS\System32\WindowsPowerShell\v1.0\;C:\WINDOWS\System32\OpenSSH\;C:\Program Files\PuTTY\;C:\Program Files\Java\jdk-11.0.8\bin;C:\Program Files\apache-maven-3.6.3\bin;C:\Users\mxacc\AppData\Local\Programs\Python\Python37\Scripts\;C:\Users\mxacc\AppData\Local\Programs\Python\Python37\;C:\Users\mxacc\AppData\Local\Microsoft\WindowsApps;;."/>
    <property name="java.vendor" value="Oracle Corporation"/>
    <property name="java.vm.info" value="mixed mode"/>
    <property name="java.vm.version" value="11.0.8+10-LTS"/>
    <property name="sun.io.unicode.encoding" value="UnicodeLittle"/>
    <property name="java.class.version" value="55.0"/>
  </properties>
  <testcase name="containsTest" classname="GenericLinkedListTest" time="0.025"/>
  <testcase name="constructorTest" classname="GenericLinkedListTest" time="0.01">
    <failure message=" length wrong ==&gt; expected: &lt;1&gt; but was: &lt;3&gt;" type="org.opentest4j.AssertionFailedError"><![CDATA[org.opentest4j.AssertionFailedError:  length wrong ==> expected: <1> but was: <3>
	at GenericLinkedListTest.constructorTest(GenericLinkedListTest.java:20)
]]></failure>
  </testcase>
  <testcase name="clearTest" classname="GenericLinkedListTest" time="0.002">
    <error type="java.lang.NullPointerException">java.lang.NullPointerException
	at GenericLinkedListTest.clearTest(GenericLinkedListTest.java:66)
</error>
  </testcase>
  <testcase name="GLLIteratorTest" classname="GenericLinkedListTest" time="0.001">
    <error type="java.lang.NullPointerException">java.lang.NullPointerException
	at GenericLinkedListTest.GLLIteratorTest(GenericLinkedListTest.java:102)
</error>
  </testcase>
  <testcase name="getTest" classname="GenericLinkedListTest" time="0.001">
    <error type="java.lang.NullPointerException">java.lang.NullPointerException
	at GenericLinkedListTest.getTest(GenericLinkedListTest.java:25)
</error>
  </testcase>
  <testcase name="GLListIteratorTest" classname="GenericLinkedListTest" time="0.002">
    <error type="java.lang.NullPointerException">java.lang.NullPointerException
	at GenericLinkedListTest.GLListIteratorTest(GenericLinkedListTest.java:90)
</error>
  </testcase>
  <testcase name="addFirstTest" classname="GenericLinkedListTest" time="0.005">
    <error type="java.lang.NullPointerException">java.lang.NullPointerException
	at GenericLinkedListTest.addFirstTest(GenericLinkedListTest.java:41)
</error>
  </testcase>
  <testcase name="sizeTest" classname="GenericLinkedListTest" time="0.001">
    <failure message=" size wrong ==&gt; expected: &lt;1&gt; but was: &lt;0&gt;" type="org.opentest4j.AssertionFailedError"><![CDATA[org.opentest4j.AssertionFailedError:  size wrong ==> expected: <1> but was: <0>
	at GenericLinkedListTest.sizeTest(GenericLinkedListTest.java:29)
]]></failure>
  </testcase>
  <testcase name="removeTail" classname="GenericLinkedListTest" time="0.002">
    <error type="java.lang.NullPointerException">java.lang.NullPointerException
	at GenericLinkedListTest.removeTail(GenericLinkedListTest.java:85)
</error>
  </testcase>
  <testcase name="removeTest" classname="GenericLinkedListTest" time="0.001">
    <error type="java.lang.NullPointerException">java.lang.NullPointerException
	at GenericLinkedListTest.removeTest(GenericLinkedListTest.java:57)
</error>
  </testcase>
  <testcase name="removeHeadTest" classname="GenericLinkedListTest" time="0.001">
    <failure message="removeHead wrong ==&gt; expected: &lt;1&gt; but was: &lt;0&gt;" type="org.opentest4j.AssertionFailedError"><![CDATA[org.opentest4j.AssertionFailedError: removeHead wrong ==> expected: <1> but was: <0>
	at GenericLinkedListTest.removeHeadTest(GenericLinkedListTest.java:78)
]]></failure>
  </testcase>
  <testcase name="addLastTest" classname="GenericLinkedListTest" time="0.001">
    <failure message=" add wrong ==&gt; expected: &lt;1&gt; but was: &lt;2&gt;" type="org.opentest4j.AssertionFailedError"><![CDATA[org.opentest4j.AssertionFailedError:  add wrong ==> expected: <1> but was: <2>
	at GenericLinkedListTest.addLastTest(GenericLinkedListTest.java:34)
]]></failure>
  </testcase>
  <testcase name="setTest" classname="GenericLinkedListTest" time="0.001">
    <failure message="set wrong ==&gt; expected: &lt;1&gt; but was: &lt;4&gt;" type="org.opentest4j.AssertionFailedError"><![CDATA[org.opentest4j.AssertionFailedError: set wrong ==> expected: <1> but was: <4>
	at GenericLinkedListTest.setTest(GenericLinkedListTest.java:72)
]]></failure>
  </testcase>
</testsuite>